  
  E:\VS17Projects\Lab2\Lab2>"C:\Program Files\NVIDIA GPU Computing Toolkit\CUDA\v10.0\bin\nvcc.exe" -ccbin "C:\Program Files (x86)\Microsoft Visual Studio\2017\Community\VC\Tools\MSVC\14.15.26726\bin\HostX86\x64" -x cu  -I"C:\Program Files\NVIDIA GPU Computing Toolkit\CUDA\v10.0\include" -I"C:\Program Files\NVIDIA GPU Computing Toolkit\CUDA\v10.0\include"     --keep-dir x64\Release -maxrregcount=0  --machine 64 --compile      -DNDEBUG -D_CONSOLE -D_UNICODE -DUNICODE -Xcompiler "/EHsc /W3 /nologo /O2  /FS /Zi  /MD " -o x64\Release\MultCuda.cu.obj "E:\VS17Projects\Lab2\Lab2\MultCuda.cu" -clean 
  MultCuda.cu
  
  E:\VS17Projects\Lab2\Lab2>"C:\Program Files\NVIDIA GPU Computing Toolkit\CUDA\v10.0\bin\nvcc.exe" -ccbin "C:\Program Files (x86)\Microsoft Visual Studio\2017\Community\VC\Tools\MSVC\14.15.26726\bin\HostX86\x64" -x cu  -I"C:\Program Files\NVIDIA GPU Computing Toolkit\CUDA\v10.0\include" -I"C:\Program Files\NVIDIA GPU Computing Toolkit\CUDA\v10.0\include"     --keep-dir x64\Release -maxrregcount=0  --machine 64 --compile      -DNDEBUG -D_CONSOLE -D_UNICODE -DUNICODE -Xcompiler "/EHsc /W3 /nologo /O2  /FS /Zi  /MD " -o x64\Release\MultCuda.cuh.obj "E:\VS17Projects\Lab2\Lab2\MultCuda.cuh" -clean 
  MultCuda.cuh
  Compiling CUDA source file MultCuda.cu...
  Compiling CUDA source file MultCuda.cuh...
  
  E:\VS17Projects\Lab2\Lab2>"C:\Program Files\NVIDIA GPU Computing Toolkit\CUDA\v10.0\bin\nvcc.exe" -gencode=arch=compute_35,code=\"sm_35,compute_35\" --use-local-env -ccbin "C:\Program Files (x86)\Microsoft Visual Studio\2017\Community\VC\Tools\MSVC\14.15.26726\bin\HostX86\x64" -x cu  -I"C:\Program Files\NVIDIA GPU Computing Toolkit\CUDA\v10.0\include" -I"C:\Program Files\NVIDIA GPU Computing Toolkit\CUDA\v10.0\include"     --keep-dir x64\Release -maxrregcount=0  --machine 64 --compile -cudart static     -DNDEBUG -D_CONSOLE -D_UNICODE -DUNICODE -Xcompiler "/EHsc /W3 /nologo /O2 /Fdx64\Release\vc141.pdb /FS /Zi  /MD " -o x64\Release\MultCuda.cu.obj "E:\VS17Projects\Lab2\Lab2\MultCuda.cu" 
  
  E:\VS17Projects\Lab2\Lab2>"C:\Program Files\NVIDIA GPU Computing Toolkit\CUDA\v10.0\bin\nvcc.exe" -gencode=arch=compute_35,code=\"sm_35,compute_35\" --use-local-env -ccbin "C:\Program Files (x86)\Microsoft Visual Studio\2017\Community\VC\Tools\MSVC\14.15.26726\bin\HostX86\x64" -x cu  -I"C:\Program Files\NVIDIA GPU Computing Toolkit\CUDA\v10.0\include" -I"C:\Program Files\NVIDIA GPU Computing Toolkit\CUDA\v10.0\include"     --keep-dir x64\Release -maxrregcount=0  --machine 64 --compile -cudart static     -DNDEBUG -D_CONSOLE -D_UNICODE -DUNICODE -Xcompiler "/EHsc /W3 /nologo /O2 /Fdx64\Release\vc141.pdb /FS /Zi  /MD " -o x64\Release\MultCuda.cuh.obj "E:\VS17Projects\Lab2\Lab2\MultCuda.cuh" 
E:/VS17Projects/Lab2/Lab2/MultCuda.cuh(6): warning : variable "BLOCK_SIZE" was declared but never referenced
  MultCuda.cu
  MultCuda.cuh
  device_functions.h is an internal header file and must not be used directly.  This file will be removed in a future CUDA release.  Please use cuda_runtime_api.h or cuda_runtime.h instead.
  device_functions.h is an internal header file and must not be used directly.  This file will be removed in a future CUDA release.  Please use cuda_runtime_api.h or cuda_runtime.h instead.
  Lab2.cpp
  device_functions.h is an internal header file and must not be used directly.  This file will be removed in a future CUDA release.  Please use cuda_runtime_api.h or cuda_runtime.h instead.
e:\vs17projects\lab2\lab2\lab2.cpp(22): warning C4477: 'printf' : format string '%10.4d' requires an argument of type 'int', but variadic argument 1 has type 'double'
e:\vs17projects\lab2\lab2\lab2.cpp(22): warning C4477: 'printf' : format string '%10.4d' requires an argument of type 'int', but variadic argument 2 has type 'double'
e:\vs17projects\lab2\lab2\lab2.cpp(33): warning C4244: '=': conversion from 'int' to 'float', possible loss of data
e:\vs17projects\lab2\lab2\lab2.cpp(88): warning C4477: 'printf' : format string '%7.4f' requires an argument of type 'double', but variadic argument 1 has type 'time_t'
  Generating code
  All 10 functions were compiled because no usable IPDB/IOBJ from previous compilation was found.
  Finished generating code
  Lab2.vcxproj -> E:\VS17Projects\Lab2\x64\Release\Lab2.exe
